<?xml version="1.0" encoding="UTF-8"?>
<Site BuildName="Linux-c++"
	BuildStamp="20260227-1714-Experimental"
	Name="kerem-Nitro-AN515-57"
	Generator="ctest-3.28.3"
	CompilerName="/usr/bin/c++"
	CompilerVersion="13.3.0"
	OSName="Linux"
	Hostname="kerem-Nitro-AN515-57"
	OSRelease="6.17.0-14-generic"
	OSVersion="#14~24.04.1-Ubuntu SMP PREEMPT_DYNAMIC Thu Jan 15 15:52:10 UTC 2"
	OSPlatform="x86_64"
	Is64Bits="1"
	VendorString="GenuineIntel"
	VendorID="Intel Corporation"
	FamilyID="6"
	ModelID="141"
	ProcessorCacheSize="12288"
	NumberOfLogicalCPU="12"
	NumberOfPhysicalCPU="6"
	TotalVirtualMemory="4095"
	TotalPhysicalMemory="15768"
	LogicalProcessorsPerPhysical="2"
	ProcessorClockFrequency="4099.94"
	>
	<Testing>
		<StartDateTime>Feb 28 01:19 +03</StartDateTime>
		<StartTestTime>1772230743</StartTestTime>
		<TestList/>
		<EndDateTime>Feb 28 01:19 +03</EndDateTime>
		<EndTestTime>1772230743</EndTestTime>
		<ElapsedMinutes>0</ElapsedMinutes>
	</Testing>
</Site>
